<configuration>
    <conversionRule conversionWord="coloredLevel" converterClass="play.api.Logger$ColoredLevel" />

    <appender name="STDOUT" class="ch.qos.logback.core.ConsoleAppender">
        <encoder>
            <pattern>%coloredLevel %logger{15} - %message%n%xException{5}</pattern>
        </encoder>
    </appender>

    <appender name="FILE" class="ch.qos.logback.core.FileAppender">
        <file>${application.home}/logs/application.log</file>
        <encoder>
            <pattern>%date - [%level] - from %logger in %thread %n%message%n%xException</pattern>
        </encoder>
    </appender>

    <appender name="SIFT" class="ch.qos.logback.classic.sift.SiftingAppender">
        <discriminator>
            <key>sifting_name</key>
            <defaultValue>main</defaultValue>
        </discriminator>
        <sift>
            <appender class="ch.qos.logback.core.FileAppender">
                <file>${application.home}/logs/job-${sifting_name}.log</file>
                <encoder>
                    <pattern>%d{HH:mm:ss:SSS} - [%-5level] - from %logger%n%message%n%xException</pattern>
                </encoder>
            </appender>
        </sift>
    </appender>

    <logger name="play" level="INFO" />
    <logger name="app" level="DEBUG" />
    <logger name="scrupal" level="DEBUG"/>

    <root level="DEBUG">
        <appender-ref ref="FILE" />
        <appender-ref ref="SIFT" />
    </root>
</configuration>
